<?xml version="1.0" encoding="UTF-8"?>
<testng-results ignored="0" total="3" passed="3" failed="0" skipped="0">
  <reporter-output>
  </reporter-output>
  <suite started-at="2024-08-05T15:26:55 MSK" name="All Test Suite" finished-at="2024-08-05T15:26:55 MSK" duration-ms="100">
    <groups>
    </groups>
    <test started-at="2024-08-05T15:26:55 MSK" name="C:/Users/boolr/IdeaProjects/Home-Work" finished-at="2024-08-05T15:26:55 MSK" duration-ms="100">
      <class name="Aston.Lesson_7.NGTestCases">
        <test-method signature="number2()[pri:0, instance:Aston.Lesson_7.NGTestCases@7a675056]" started-at="2024-08-05T15:26:55 MSK" name="number2" finished-at="2024-08-05T15:26:55 MSK" duration-ms="13" status="PASS">
          <reporter-output>
          </reporter-output>
        </test-method> <!-- number2 -->
        <test-method signature="number5()[pri:0, instance:Aston.Lesson_7.NGTestCases@7a675056]" started-at="2024-08-05T15:26:55 MSK" name="number5" finished-at="2024-08-05T15:26:55 MSK" duration-ms="0" status="PASS">
          <reporter-output>
          </reporter-output>
        </test-method> <!-- number5 -->
        <test-method signature="number0()[pri:0, instance:Aston.Lesson_7.NGTestCases@7a675056]" started-at="2024-08-05T15:26:55 MSK" name="number0" finished-at="2024-08-05T15:26:55 MSK" duration-ms="1" status="PASS">
          <reporter-output>
          </reporter-output>
        </test-method> <!-- number0 -->
      </class> <!-- Aston.Lesson_7.NGTestCases -->
    </test> <!-- C:/Users/boolr/IdeaProjects/Home-Work -->
  </suite> <!-- All Test Suite -->
</testng-results>
