<?xml version="1.0" encoding="UTF-8"?>
<!-- Generated by org.testng.reporters.JUnitReportReporter -->
<testsuite hostname="DESKTOP-1P4RAT3" failures="0" tests="3" name="Aston.Lesson_7.NGTestCases" time="0.014" errors="0" timestamp="2024-08-05T15:26:55 MSK" skipped="0">
  <testcase classname="Aston.Lesson_7.NGTestCases" name="number2" time="0.013"/>
  <testcase classname="Aston.Lesson_7.NGTestCases" name="number5" time="0.000"/>
  <testcase classname="Aston.Lesson_7.NGTestCases" name="number0" time="0.001"/>
</testsuite> <!-- Aston.Lesson_7.NGTestCases -->
